  CHK     include/config/uboot.release
  CHK     include/generated/version_autogenerated.h
  UPD     include/generated/version_autogenerated.h
  CHK     include/generated/timestamp_autogenerated.h
  CC      lib/asm-offsets.s
  CHK     include/generated/generic-asm-offsets.h
  CHK     include/generated/asm-offsets.h
  HOSTCC  tools/mkenvimage.o
  HOSTLD  tools/mkenvimage
  HOSTCC  tools/fit_image.o
  HOSTCC  tools/image-host.o
  HOSTCC  tools/dumpimage.o
  HOSTLD  tools/dumpimage
  HOSTCC  tools/mkimage.o
  HOSTLD  tools/mkimage
  CC      cmd/version.o
  LD      cmd/built-in.o
  CC      common/main.o
  CC      common/board_f.o
  LD      common/built-in.o
  CC      drivers/video/cfb_console.o
  LD      drivers/video/built-in.o
  LD      drivers/built-in.o
  CC      lib/efi_loader/helloworld.o
arm-linux-gnueabihf-ld.bfd -nostdlib -znocombreloc -T ./arch/arm/lib/elf_arm_efi.lds -shared -Bsymbolic \
		lib/efi_loader/helloworld.o arch/arm/lib/crt0_arm_efi.o arch/arm/lib/reloc_arm_efi.o arch/arm/lib/elf_arm_efi.lds -o lib/efi_loader/helloworld.so
arm-linux-gnueabihf-objcopy -j .header -j .text -j .sdata -j .data -j .dynamic \
		-j .dynsym  -j .rel* -j .rela* -j .reloc \
		-O binary lib/efi_loader/helloworld.so lib/efi_loader/helloworld.efi
  CC      lib/smbios.o
  CC      lib/display_options.o
  LD      lib/built-in.o
  LD      u-boot
  CC      spl/common/spl/spl.o
  LD      spl/common/spl/built-in.o
  CC      spl/lib/display_options.o
  LD      spl/lib/built-in.o
  LD      spl/u-boot-spl
  OBJCOPY spl/u-boot-spl-nodtb.bin
  COPY    spl/u-boot-spl.bin
  MKSUNXI spl/sunxi-spl.bin
  OBJCOPY u-boot-nodtb.bin
  CAT     u-boot-dtb.bin
  COPY    u-boot.bin
  MKIMAGE u-boot.img
  BINMAN  u-boot-sunxi-with-spl.bin
  OBJCOPY u-boot.srec
  SYM     u-boot.sym
  MKIMAGE u-boot-dtb.img
./scripts/check-config.sh u-boot.cfg \
		./scripts/config_whitelist.txt . 1>&2
